15:08:22.099 [main] DEBUG com.intuit.karate.Suite - [config] classpath:karate-config.js
15:08:24.297 [main] INFO  com.intuit.karate - karate.env system property was: null 
15:08:24.386 [main] INFO  com.intuit.karate - [print] Username is ::  dev_uname 
15:08:24.400 [main] INFO  com.intuit.karate - [print] Password is ::  dev_password 
15:08:52.513 [main] DEBUG com.intuit.karate.Suite - [config] classpath:karate-config.js
15:08:54.024 [main] INFO  com.intuit.karate - karate.env system property was: null 
15:08:54.101 [main] INFO  com.intuit.karate - [print] Username is ::  dev_uname 
15:08:54.108 [main] INFO  com.intuit.karate - [print] Password is ::  dev_password 
15:10:25.033 [main] INFO  com.intuit.karate.Runner - using system property 'karate.env': stage
15:10:25.211 [main] DEBUG com.intuit.karate.Suite - [config] classpath:karate-config.js
15:10:26.743 [main] INFO  com.intuit.karate - karate.env system property was: stage 
15:10:26.816 [main] INFO  com.intuit.karate - [print] Username is ::  stage_uname 
15:10:26.823 [main] INFO  com.intuit.karate - [print] Password is ::  stage_password 
15:38:29.206 [main] INFO  com.intuit.karate.Runner - using system property 'karate.env': dev
15:38:30.783 [main] DEBUG com.intuit.karate.Suite - [config] classpath:karate-config.js
15:38:31.032 [main] INFO  com.intuit.karate.Suite - backed up existing 'target\karate-reports' dir to: target\karate-reports_1654682911031
15:39:34.239 [main] DEBUG com.intuit.karate.Suite - [config] classpath:karate-config.js
15:39:34.245 [main] INFO  com.intuit.karate.Suite - backed up existing 'target\karate-reports' dir to: target\karate-reports_1654682974244
15:44:00.689 [main] INFO  com.intuit.karate.Runner - using system property 'karate.env': dev
15:44:06.598 [main] DEBUG com.intuit.karate.Suite - [config] classpath:karate-config.js
15:44:06.656 [main] INFO  com.intuit.karate.Suite - backed up existing 'target\karate-reports' dir to: target\karate-reports_1654683246648
15:44:13.424 [main] INFO  com.intuit.karate - karate.env system property was: dev 
15:44:13.534 [main] INFO  com.intuit.karate - [print] Username is ::  dev_uname 
15:44:13.546 [main] INFO  com.intuit.karate - [print] Password is ::  dev_password 
15:44:15.794 [main] INFO  com.intuit.karate.Suite - <<pass>> feature 1 of 1 (0 remaining) classpath:com/api/automation/getRequest/test.feature
15:47:33.546 [main] INFO  com.intuit.karate.Runner - using system property 'karate.env': stage
15:47:37.356 [main] DEBUG com.intuit.karate.Suite - [config] classpath:karate-config.js
15:47:37.388 [main] INFO  com.intuit.karate.Suite - backed up existing 'target\karate-reports' dir to: target\karate-reports_1654683457386
15:47:40.615 [main] INFO  com.intuit.karate - karate.env system property was: stage 
15:47:40.710 [main] INFO  com.intuit.karate - [print] Username is ::  stage_uname 
15:47:40.718 [main] INFO  com.intuit.karate - [print] Password is ::  stage_password 
15:47:42.385 [main] INFO  com.intuit.karate.Suite - <<pass>> feature 1 of 1 (0 remaining) classpath:com/api/automation/getRequest/test.feature
18:39:38.657 [main] INFO  com.intuit.karate.Runner - using system property 'karate.env': stage
18:39:38.823 [main] DEBUG com.intuit.karate.Suite - [config] classpath:karate-config.js
18:39:40.403 [main] INFO  com.intuit.karate - karate.env system property was: stage 
18:39:41.057 [main] ERROR com.intuit.karate - org.apache.http.ProtocolException: Target host is not specified, http call failed after 483 milliseconds for url: /auth/webapi/all#(_url)
18:39:41.058 [main] ERROR com.intuit.karate - classpath:com/api/automation/getRequest/test.feature:8
When method get
http call failed after 483 milliseconds for url: /auth/webapi/all#(_url)
classpath:com/api/automation/getRequest/test.feature:8
18:41:31.089 [main] INFO  com.intuit.karate.Runner - using system property 'karate.env': stage
18:41:31.282 [main] DEBUG com.intuit.karate.Suite - [config] classpath:karate-config.js
18:41:32.846 [main] INFO  com.intuit.karate - karate.env system property was: stage 
18:41:33.617 [main] DEBUG com.intuit.karate - request:
1 > GET https://jobportalkarate.herokuapp.com/auth/webapi/all
1 > Accept: application/json
1 > Host: jobportalkarate.herokuapp.com
1 > Connection: Keep-Alive
1 > User-Agent: Apache-HttpClient/4.5.13 (Java/18.0.1.1)
1 > Accept-Encoding: gzip,deflate


18:41:53.853 [main] DEBUG com.intuit.karate - response time in milliseconds: 19808
1 < 404
1 < Server: Cowboy
1 < Connection: keep-alive
1 < Vary: Origin
1 < Vary: Access-Control-Request-Method
1 < Vary: Access-Control-Request-Headers
1 < X-Content-Type-Options: nosniff
1 < X-Xss-Protection: 1; mode=block
1 < Cache-Control: no-cache, no-store, max-age=0, must-revalidate
1 < Pragma: no-cache
1 < Expires: 0
1 < Strict-Transport-Security: max-age=31536000 ; includeSubDomains
1 < X-Frame-Options: DENY
1 < Content-Type: application/json
1 < Transfer-Encoding: chunked
1 < Date: Wed, 08 Jun 2022 13:11:53 GMT
1 < Via: 1.1 vegur
{"timestamp":"2022-06-08T13:11:53.642+0000","status":404,"error":"Not Found","message":"No message available","path":"/auth/webapi/all"}

18:41:53.889 [main] ERROR com.intuit.karate - classpath:com/api/automation/getRequest/test.feature:9
Then status 200
status code was: 404, expected: 200, response time in milliseconds: 19808, url: https://jobportalkarate.herokuapp.com/auth/webapi/all, response: 
{"timestamp":"2022-06-08T13:11:53.642+0000","status":404,"error":"Not Found","message":"No message available","path":"/auth/webapi/all"}
classpath:com/api/automation/getRequest/test.feature:9
18:51:58.906 [main] INFO  com.intuit.karate.Runner - using system property 'karate.env': stage
18:51:59.063 [main] DEBUG com.intuit.karate.Suite - [config] classpath:karate-config.js
18:52:00.820 [main] INFO  com.intuit.karate - karate.env system property was: stage 
18:52:01.421 [main] DEBUG com.intuit.karate - request:
1 > GET https://jobportalkarate.herokuapp.com/auth/webapi/all
1 > Accept: application/json
1 > Host: jobportalkarate.herokuapp.com
1 > Connection: Keep-Alive
1 > User-Agent: Apache-HttpClient/4.5.13 (Java/18.0.1.1)
1 > Accept-Encoding: gzip,deflate


18:52:02.868 [main] DEBUG com.intuit.karate - response time in milliseconds: 1441
1 < 404
1 < Server: Cowboy
1 < Connection: keep-alive
1 < Vary: Origin
1 < Vary: Access-Control-Request-Method
1 < Vary: Access-Control-Request-Headers
1 < X-Content-Type-Options: nosniff
1 < X-Xss-Protection: 1; mode=block
1 < Cache-Control: no-cache, no-store, max-age=0, must-revalidate
1 < Pragma: no-cache
1 < Expires: 0
1 < Strict-Transport-Security: max-age=31536000 ; includeSubDomains
1 < X-Frame-Options: DENY
1 < Content-Type: application/json
1 < Transfer-Encoding: chunked
1 < Date: Wed, 08 Jun 2022 13:22:03 GMT
1 < Via: 1.1 vegur
{"timestamp":"2022-06-08T13:22:03.134+0000","status":404,"error":"Not Found","message":"No message available","path":"/auth/webapi/all"}

18:52:02.901 [main] ERROR com.intuit.karate - classpath:com/api/automation/getRequest/test.feature:9
Then status 200
status code was: 404, expected: 200, response time in milliseconds: 1441, url: https://jobportalkarate.herokuapp.com/auth/webapi/all, response: 
{"timestamp":"2022-06-08T13:22:03.134+0000","status":404,"error":"Not Found","message":"No message available","path":"/auth/webapi/all"}
classpath:com/api/automation/getRequest/test.feature:9
19:10:38.161 [main] INFO  com.intuit.karate.Runner - using system property 'karate.env': stage
19:10:38.343 [main] DEBUG com.intuit.karate.Suite - [config] classpath:karate-config.js
19:10:40.087 [main] INFO  com.intuit.karate - karate.env system property was: stage 
19:10:40.851 [main] DEBUG com.intuit.karate - request:
1 > GET https://jobportalkarate.herokuapp.com/normal/webapi/all
1 > Accept: application/json
1 > Host: jobportalkarate.herokuapp.com
1 > Connection: Keep-Alive
1 > User-Agent: Apache-HttpClient/4.5.13 (Java/18.0.1.1)
1 > Accept-Encoding: gzip,deflate


19:10:42.359 [main] DEBUG com.intuit.karate - response time in milliseconds: 1503
1 < 200
1 < Server: Cowboy
1 < Connection: keep-alive
1 < X-Content-Type-Options: nosniff
1 < X-Xss-Protection: 1; mode=block
1 < Cache-Control: no-cache, no-store, max-age=0, must-revalidate
1 < Pragma: no-cache
1 < Expires: 0
1 < Strict-Transport-Security: max-age=31536000 ; includeSubDomains
1 < X-Frame-Options: DENY
1 < Content-Type: application/json
1 < Transfer-Encoding: chunked
1 < Date: Wed, 08 Jun 2022 13:40:42 GMT
1 < Via: 1.1 vegur
[{"jobId":1,"jobTitle":"Software Engg","jobDescription":"To develop andriod application","experience":["Google","Apple","Mobile Iron"],"project":[{"projectName":"Movie App","technology":["Kotlin","SQL Lite","Gradle"]}]},{"jobId":321,"jobTitle":"Senior Engineer","jobDescription":"UI Automation","experience":["Wallmart"],"project":[{"projectName":"SiriusXM","technology":["Selenium WebDriver"]}]}]

19:10:42.394 [main] INFO  com.intuit.karate - [print] [
  {
    "jobId": 1,
    "jobTitle": "Software Engg",
    "jobDescription": "To develop andriod application",
    "experience": [
      "Google",
      "Apple",
      "Mobile Iron"
    ],
    "project": [
      {
        "projectName": "Movie App",
        "technology": [
          "Kotlin",
          "SQL Lite",
          "Gradle"
        ]
      }
    ]
  },
  {
    "jobId": 321,
    "jobTitle": "Senior Engineer",
    "jobDescription": "UI Automation",
    "experience": [
      "Wallmart"
    ],
    "project": [
      {
        "projectName": "SiriusXM",
        "technology": [
          "Selenium WebDriver"
        ]
      }
    ]
  }
]
 
19:29:16.551 [main] DEBUG com.intuit.karate.Suite - [config] classpath:karate-config.js
19:29:19.021 [main] INFO  com.intuit.karate - karate.env system property was: null 
19:29:19.332 [main] ERROR com.intuit.karate - classpath:com/api/automation/postRequest/createJobEntry.feature:8
Given def postRequest = call read(../createJobEntry.feature) {jobDesc:API Automation,jId:213,jobTitle:"Senior Automation Engineer"}
js failed:
>>>>
01: read(../createJobEntry.feature)
<<<<
org.graalvm.polyglot.PolyglotException: SyntaxError: Unnamed:1:5 Expected an operand but found .
read(../createJobEntry.feature)
     ^

- org.graalvm.polyglot.Context.eval(Context.java:401)
- com.intuit.karate.graal.JsEngine.evalForValue(JsEngine.java:141)
- com.intuit.karate.graal.JsEngine.eval(JsEngine.java:137)
- com.intuit.karate.core.ScenarioEngine.evalJs(ScenarioEngine.java:1344)
- com.intuit.karate.core.ScenarioEngine.evalKarateExpression(ScenarioEngine.java:2373)
- com.intuit.karate.core.ScenarioEngine.evalKarateExpression(ScenarioEngine.java:2292)
- com.intuit.karate.core.ScenarioEngine.call(ScenarioEngine.java:2056)

classpath:com/api/automation/postRequest/createJobEntry.feature:8
19:30:15.348 [main] DEBUG com.intuit.karate.Suite - [config] classpath:karate-config.js
19:30:16.956 [main] INFO  com.intuit.karate - karate.env system property was: null 
19:30:17.899 [main] DEBUG com.intuit.karate - request:
1 > POST https://jobportalkarate.herokuapp.com/normal/webapi/add
1 > Content-Type: application/json; charset=UTF-8
1 > Accept: application/json
1 > Content-Length: 170
1 > Host: jobportalkarate.herokuapp.com
1 > Connection: Keep-Alive
1 > User-Agent: Apache-HttpClient/4.5.13 (Java/18.0.1.1)
1 > Accept-Encoding: gzip,deflate
{"experience":["Wallmart"],"jobDescription":"API Automation","jobId":213,"jobTitle":"jobTitle","project":[{"projectName":"SiriusXM","technology":["Selenium WebDriver"]}]}

19:30:19.344 [main] DEBUG com.intuit.karate - response time in milliseconds: 1441
1 < 201
1 < Server: Cowboy
1 < Connection: keep-alive
1 < X-Content-Type-Options: nosniff
1 < X-Xss-Protection: 1; mode=block
1 < Cache-Control: no-cache, no-store, max-age=0, must-revalidate
1 < Pragma: no-cache
1 < Expires: 0
1 < Strict-Transport-Security: max-age=31536000 ; includeSubDomains
1 < X-Frame-Options: DENY
1 < Content-Type: application/json
1 < Transfer-Encoding: chunked
1 < Date: Wed, 08 Jun 2022 14:00:19 GMT
1 < Via: 1.1 vegur
{"jobId":213,"jobTitle":"jobTitle","jobDescription":"API Automation","experience":["Wallmart"],"project":[{"projectName":"SiriusXM","technology":["Selenium WebDriver"]}]}

19:30:19.363 [main] ERROR com.intuit.karate - classpath:com/api/automation/postRequest/../createJobEntry.feature:12
And def statusCode=status
no step-definition method match found for: def statusCode=status
classpath:com/api/automation/postRequest/../createJobEntry.feature:12
19:30:19.366 [main] ERROR com.intuit.karate - classpath:com/api/automation/postRequest/createJobEntry.feature:8
Given def postRequest = call read("../createJobEntry.feature") {jobDesc:API Automation,jId:213,jobTitle:"Senior Automation Engineer"}
no step-definition method match found for: def statusCode=status
classpath:com/api/automation/postRequest/../createJobEntry.feature:12
classpath:com/api/automation/postRequest/createJobEntry.feature:8
19:33:53.791 [main] DEBUG com.intuit.karate.Suite - [config] classpath:karate-config.js
19:33:55.345 [main] INFO  com.intuit.karate - karate.env system property was: null 
19:33:56.023 [main] DEBUG com.intuit.karate - request:
1 > POST https://jobportalkarate.herokuapp.com/normal/webapi/add
1 > Content-Type: application/json; charset=UTF-8
1 > Accept: application/json
1 > Content-Length: 170
1 > Host: jobportalkarate.herokuapp.com
1 > Connection: Keep-Alive
1 > User-Agent: Apache-HttpClient/4.5.13 (Java/18.0.1.1)
1 > Accept-Encoding: gzip,deflate
{"experience":["Wallmart"],"jobDescription":"API Automation","jobId":213,"jobTitle":"jobTitle","project":[{"projectName":"SiriusXM","technology":["Selenium WebDriver"]}]}

19:33:57.586 [main] DEBUG com.intuit.karate - response time in milliseconds: 1558
1 < 201
1 < Server: Cowboy
1 < Connection: keep-alive
1 < X-Content-Type-Options: nosniff
1 < X-Xss-Protection: 1; mode=block
1 < Cache-Control: no-cache, no-store, max-age=0, must-revalidate
1 < Pragma: no-cache
1 < Expires: 0
1 < Strict-Transport-Security: max-age=31536000 ; includeSubDomains
1 < X-Frame-Options: DENY
1 < Content-Type: application/json
1 < Transfer-Encoding: chunked
1 < Date: Wed, 08 Jun 2022 14:03:57 GMT
1 < Via: 1.1 vegur
{"jobId":213,"jobTitle":"jobTitle","jobDescription":"API Automation","experience":["Wallmart"],"project":[{"projectName":"SiriusXM","technology":["Selenium WebDriver"]}]}

19:33:57.622 [main] INFO  com.intuit.karate - [print] Status Code is :  213 
19:46:13.298 [main] DEBUG com.intuit.karate.Suite - [config] classpath:karate-config.js
19:46:14.901 [main] INFO  com.intuit.karate - karate.env system property was: null 
19:46:15.549 [main] DEBUG com.intuit.karate - request:
1 > POST https://jobportalkarate.herokuapp.com/normal/webapi/add
1 > Content-Type: application/json; charset=UTF-8
1 > Accept: application/json
1 > Content-Length: 174
1 > Host: jobportalkarate.herokuapp.com
1 > Connection: Keep-Alive
1 > User-Agent: Apache-HttpClient/4.5.13 (Java/18.0.1.1)
1 > Accept-Encoding: gzip,deflate
{"experience":["Wallmart"],"jobDescription":"!#$^@$#@^@&","jobId":432,"jobTitle":"Senior Engineer","project":[{"projectName":"SiriusXM","technology":["Selenium WebDriver"]}]}

19:46:16.997 [main] DEBUG com.intuit.karate - response time in milliseconds: 1441
1 < 201
1 < Server: Cowboy
1 < Connection: keep-alive
1 < X-Content-Type-Options: nosniff
1 < X-Xss-Protection: 1; mode=block
1 < Cache-Control: no-cache, no-store, max-age=0, must-revalidate
1 < Pragma: no-cache
1 < Expires: 0
1 < Strict-Transport-Security: max-age=31536000 ; includeSubDomains
1 < X-Frame-Options: DENY
1 < Content-Type: application/json
1 < Transfer-Encoding: chunked
1 < Date: Wed, 08 Jun 2022 14:16:17 GMT
1 < Via: 1.1 vegur
{"jobId":432,"jobTitle":"Senior Engineer","jobDescription":"!#$^@$#@^@&","experience":["Wallmart"],"project":[{"projectName":"SiriusXM","technology":["Selenium WebDriver"]}]}

19:46:17.067 [main] INFO  com.intuit.karate - karate.env system property was: null 
19:46:17.075 [main] DEBUG com.intuit.karate - request:
1 > POST https://jobportalkarate.herokuapp.com/normal/webapi/add
1 > Content-Type: application/json; charset=UTF-8
1 > Accept: application/json
1 > Content-Length: 163
1 > Host: jobportalkarate.herokuapp.com
1 > Connection: Keep-Alive
1 > User-Agent: Apache-HttpClient/4.5.13 (Java/18.0.1.1)
1 > Accept-Encoding: gzip,deflate
{"experience":["Wallmart"],"jobDescription":"","jobId":432,"jobTitle":"Senior Engineer","project":[{"projectName":"SiriusXM","technology":["Selenium WebDriver"]}]}

19:46:18.109 [main] DEBUG com.intuit.karate - response time in milliseconds: 1031
1 < 201
1 < Server: Cowboy
1 < Connection: keep-alive
1 < X-Content-Type-Options: nosniff
1 < X-Xss-Protection: 1; mode=block
1 < Cache-Control: no-cache, no-store, max-age=0, must-revalidate
1 < Pragma: no-cache
1 < Expires: 0
1 < Strict-Transport-Security: max-age=31536000 ; includeSubDomains
1 < X-Frame-Options: DENY
1 < Content-Type: application/json
1 < Transfer-Encoding: chunked
1 < Date: Wed, 08 Jun 2022 14:16:18 GMT
1 < Via: 1.1 vegur
{"jobId":432,"jobTitle":"Senior Engineer","jobDescription":"","experience":["Wallmart"],"project":[{"projectName":"SiriusXM","technology":["Selenium WebDriver"]}]}

19:46:18.171 [main] INFO  com.intuit.karate - karate.env system property was: null 
19:46:18.223 [main] DEBUG com.intuit.karate - request:
1 > POST https://jobportalkarate.herokuapp.com/normal/webapi/add
1 > Content-Type: application/json; charset=UTF-8
1 > Accept: application/json
1 > Content-Length: 165
1 > Host: jobportalkarate.herokuapp.com
1 > Connection: Keep-Alive
1 > User-Agent: Apache-HttpClient/4.5.13 (Java/18.0.1.1)
1 > Accept-Encoding: gzip,deflate
{"experience":["Wallmart"],"jobDescription":null,"jobId":432,"jobTitle":"Senior Engineer","project":[{"projectName":"SiriusXM","technology":["Selenium WebDriver"]}]}

19:46:20.791 [main] DEBUG com.intuit.karate - response time in milliseconds: 2567
1 < 201
1 < Server: Cowboy
1 < Connection: keep-alive
1 < X-Content-Type-Options: nosniff
1 < X-Xss-Protection: 1; mode=block
1 < Cache-Control: no-cache, no-store, max-age=0, must-revalidate
1 < Pragma: no-cache
1 < Expires: 0
1 < Strict-Transport-Security: max-age=31536000 ; includeSubDomains
1 < X-Frame-Options: DENY
1 < Content-Type: application/json
1 < Transfer-Encoding: chunked
1 < Date: Wed, 08 Jun 2022 14:16:19 GMT
1 < Via: 1.1 vegur
{"jobId":432,"jobTitle":"Senior Engineer","jobDescription":null,"experience":["Wallmart"],"project":[{"projectName":"SiriusXM","technology":["Selenium WebDriver"]}]}

19:46:20.800 [main] ERROR com.intuit.karate - classpath:com/api/automation/postRequest/createJobEntry.feature:21
Then status 404
status code was: 201, expected: 404, response time in milliseconds: 2567, url: https://jobportalkarate.herokuapp.com/normal/webapi/add, response: 
{"jobId":432,"jobTitle":"Senior Engineer","jobDescription":null,"experience":["Wallmart"],"project":[{"projectName":"SiriusXM","technology":["Selenium WebDriver"]}]}
classpath:com/api/automation/postRequest/createJobEntry.feature:21
19:49:21.155 [main] DEBUG com.intuit.karate.Suite - [config] classpath:karate-config.js
19:49:22.634 [main] INFO  com.intuit.karate - karate.env system property was: null 
19:49:23.353 [main] DEBUG com.intuit.karate - request:
1 > POST https://jobportalkarate.herokuapp.com/normal/webapi/add
1 > Content-Type: application/json; charset=UTF-8
1 > Accept: application/json
1 > Content-Length: 174
1 > Host: jobportalkarate.herokuapp.com
1 > Connection: Keep-Alive
1 > User-Agent: Apache-HttpClient/4.5.13 (Java/18.0.1.1)
1 > Accept-Encoding: gzip,deflate
{"experience":["Wallmart"],"jobDescription":"!#$^@$#@^@&","jobId":432,"jobTitle":"Senior Engineer","project":[{"projectName":"SiriusXM","technology":["Selenium WebDriver"]}]}

19:49:24.797 [main] DEBUG com.intuit.karate - response time in milliseconds: 1438
1 < 201
1 < Server: Cowboy
1 < Connection: keep-alive
1 < X-Content-Type-Options: nosniff
1 < X-Xss-Protection: 1; mode=block
1 < Cache-Control: no-cache, no-store, max-age=0, must-revalidate
1 < Pragma: no-cache
1 < Expires: 0
1 < Strict-Transport-Security: max-age=31536000 ; includeSubDomains
1 < X-Frame-Options: DENY
1 < Content-Type: application/json
1 < Transfer-Encoding: chunked
1 < Date: Wed, 08 Jun 2022 14:19:25 GMT
1 < Via: 1.1 vegur
{"jobId":432,"jobTitle":"Senior Engineer","jobDescription":"!#$^@$#@^@&","experience":["Wallmart"],"project":[{"projectName":"SiriusXM","technology":["Selenium WebDriver"]}]}

19:49:24.867 [main] INFO  com.intuit.karate - karate.env system property was: null 
19:49:24.878 [main] DEBUG com.intuit.karate - request:
1 > POST https://jobportalkarate.herokuapp.com/normal/webapi/add
1 > Content-Type: application/json; charset=UTF-8
1 > Accept: application/json
1 > Content-Length: 163
1 > Host: jobportalkarate.herokuapp.com
1 > Connection: Keep-Alive
1 > User-Agent: Apache-HttpClient/4.5.13 (Java/18.0.1.1)
1 > Accept-Encoding: gzip,deflate
{"experience":["Wallmart"],"jobDescription":"","jobId":432,"jobTitle":"Senior Engineer","project":[{"projectName":"SiriusXM","technology":["Selenium WebDriver"]}]}

19:49:25.892 [main] DEBUG com.intuit.karate - response time in milliseconds: 1014
1 < 201
1 < Server: Cowboy
1 < Connection: keep-alive
1 < X-Content-Type-Options: nosniff
1 < X-Xss-Protection: 1; mode=block
1 < Cache-Control: no-cache, no-store, max-age=0, must-revalidate
1 < Pragma: no-cache
1 < Expires: 0
1 < Strict-Transport-Security: max-age=31536000 ; includeSubDomains
1 < X-Frame-Options: DENY
1 < Content-Type: application/json
1 < Transfer-Encoding: chunked
1 < Date: Wed, 08 Jun 2022 14:19:26 GMT
1 < Via: 1.1 vegur
{"jobId":432,"jobTitle":"Senior Engineer","jobDescription":"","experience":["Wallmart"],"project":[{"projectName":"SiriusXM","technology":["Selenium WebDriver"]}]}

19:49:25.935 [main] INFO  com.intuit.karate - karate.env system property was: null 
19:49:25.961 [main] DEBUG com.intuit.karate - request:
1 > POST https://jobportalkarate.herokuapp.com/normal/webapi/add
1 > Content-Type: application/json; charset=UTF-8
1 > Accept: application/json
1 > Content-Length: 165
1 > Host: jobportalkarate.herokuapp.com
1 > Connection: Keep-Alive
1 > User-Agent: Apache-HttpClient/4.5.13 (Java/18.0.1.1)
1 > Accept-Encoding: gzip,deflate
{"experience":["Wallmart"],"jobDescription":null,"jobId":432,"jobTitle":"Senior Engineer","project":[{"projectName":"SiriusXM","technology":["Selenium WebDriver"]}]}

19:49:26.967 [main] DEBUG com.intuit.karate - response time in milliseconds: 1004
1 < 201
1 < Server: Cowboy
1 < Connection: keep-alive
1 < X-Content-Type-Options: nosniff
1 < X-Xss-Protection: 1; mode=block
1 < Cache-Control: no-cache, no-store, max-age=0, must-revalidate
1 < Pragma: no-cache
1 < Expires: 0
1 < Strict-Transport-Security: max-age=31536000 ; includeSubDomains
1 < X-Frame-Options: DENY
1 < Content-Type: application/json
1 < Transfer-Encoding: chunked
1 < Date: Wed, 08 Jun 2022 14:19:27 GMT
1 < Via: 1.1 vegur
{"jobId":432,"jobTitle":"Senior Engineer","jobDescription":null,"experience":["Wallmart"],"project":[{"projectName":"SiriusXM","technology":["Selenium WebDriver"]}]}

19:49:27.012 [main] INFO  com.intuit.karate - karate.env system property was: null 
19:49:27.041 [main] DEBUG com.intuit.karate - request:
1 > POST https://jobportalkarate.herokuapp.com/normal/webapi/add
1 > Content-Type: application/json; charset=UTF-8
1 > Accept: application/json
1 > Content-Length: 182
1 > Host: jobportalkarate.herokuapp.com
1 > Connection: Keep-Alive
1 > User-Agent: Apache-HttpClient/4.5.13 (Java/18.0.1.1)
1 > Accept-Encoding: gzip,deflate
{"experience":["Wallmart"],"jobDescription":"Team Lead","jobId":"!#$^@$#@^@&","jobTitle":"Senior Engineer","project":[{"projectName":"SiriusXM","technology":["Selenium WebDriver"]}]}

19:49:28.042 [main] DEBUG com.intuit.karate - response time in milliseconds: 999
1 < 400
1 < Server: Cowboy
1 < Connection: keep-alive
1 < X-Content-Type-Options: nosniff
1 < X-Xss-Protection: 1; mode=block
1 < Cache-Control: no-cache, no-store, max-age=0, must-revalidate
1 < Pragma: no-cache
1 < Expires: 0
1 < Strict-Transport-Security: max-age=31536000 ; includeSubDomains
1 < X-Frame-Options: DENY
1 < Content-Type: application/json
1 < Transfer-Encoding: chunked
1 < Date: Wed, 08 Jun 2022 14:19:28 GMT
1 < Via: 1.1 vegur
{"timestamp":"2022-06-08T14:19:28.393+0000","status":400,"error":"Bad Request","message":"JSON parse error: Cannot deserialize value of type `int` from String \"!#$^@$#@^@&\": not a valid Integer value; nested exception is com.fasterxml.jackson.databind.exc.InvalidFormatException: Cannot deserialize value of type `int` from String \"!#$^@$#@^@&\": not a valid Integer value\n at [Source: (PushbackInputStream); line: 1, column: 65] (through reference chain: com.lab.jobportal.model.Job[\"jobId\"])","path":"/normal/webapi/add"}

19:49:28.058 [main] ERROR com.intuit.karate - classpath:com/api/automation/postRequest/createJobEntry.feature:33
Then status 201
status code was: 400, expected: 201, response time in milliseconds: 999, url: https://jobportalkarate.herokuapp.com/normal/webapi/add, response: 
{"timestamp":"2022-06-08T14:19:28.393+0000","status":400,"error":"Bad Request","message":"JSON parse error: Cannot deserialize value of type `int` from String \"!#$^@$#@^@&\": not a valid Integer value; nested exception is com.fasterxml.jackson.databind.exc.InvalidFormatException: Cannot deserialize value of type `int` from String \"!#$^@$#@^@&\": not a valid Integer value\n at [Source: (PushbackInputStream); line: 1, column: 65] (through reference chain: com.lab.jobportal.model.Job[\"jobId\"])","path":"/normal/webapi/add"}
classpath:com/api/automation/postRequest/createJobEntry.feature:33
19:49:28.102 [main] INFO  com.intuit.karate - karate.env system property was: null 
19:49:28.117 [main] DEBUG com.intuit.karate - request:
1 > POST https://jobportalkarate.herokuapp.com/normal/webapi/add
1 > Content-Type: application/json; charset=UTF-8
1 > Accept: application/json
1 > Content-Length: 171
1 > Host: jobportalkarate.herokuapp.com
1 > Connection: Keep-Alive
1 > User-Agent: Apache-HttpClient/4.5.13 (Java/18.0.1.1)
1 > Accept-Encoding: gzip,deflate
{"experience":["Wallmart"],"jobDescription":"Team Lead","jobId":"","jobTitle":"Senior Engineer","project":[{"projectName":"SiriusXM","technology":["Selenium WebDriver"]}]}

19:49:29.093 [main] DEBUG com.intuit.karate - response time in milliseconds: 974
1 < 201
1 < Server: Cowboy
1 < Connection: keep-alive
1 < X-Content-Type-Options: nosniff
1 < X-Xss-Protection: 1; mode=block
1 < Cache-Control: no-cache, no-store, max-age=0, must-revalidate
1 < Pragma: no-cache
1 < Expires: 0
1 < Strict-Transport-Security: max-age=31536000 ; includeSubDomains
1 < X-Frame-Options: DENY
1 < Content-Type: application/json
1 < Transfer-Encoding: chunked
1 < Date: Wed, 08 Jun 2022 14:19:29 GMT
1 < Via: 1.1 vegur
{"jobId":0,"jobTitle":"Senior Engineer","jobDescription":"Team Lead","experience":["Wallmart"],"project":[{"projectName":"SiriusXM","technology":["Selenium WebDriver"]}]}

19:49:29.131 [main] INFO  com.intuit.karate - karate.env system property was: null 
19:49:29.147 [main] DEBUG com.intuit.karate - request:
1 > POST https://jobportalkarate.herokuapp.com/normal/webapi/add
1 > Content-Type: application/json; charset=UTF-8
1 > Accept: application/json
1 > Content-Length: 173
1 > Host: jobportalkarate.herokuapp.com
1 > Connection: Keep-Alive
1 > User-Agent: Apache-HttpClient/4.5.13 (Java/18.0.1.1)
1 > Accept-Encoding: gzip,deflate
{"experience":["Wallmart"],"jobDescription":"Team Lead","jobId":null,"jobTitle":"Senior Engineer","project":[{"projectName":"SiriusXM","technology":["Selenium WebDriver"]}]}

19:49:30.129 [main] DEBUG com.intuit.karate - response time in milliseconds: 972
1 < 201
1 < Server: Cowboy
1 < Connection: keep-alive
1 < X-Content-Type-Options: nosniff
1 < X-Xss-Protection: 1; mode=block
1 < Cache-Control: no-cache, no-store, max-age=0, must-revalidate
1 < Pragma: no-cache
1 < Expires: 0
1 < Strict-Transport-Security: max-age=31536000 ; includeSubDomains
1 < X-Frame-Options: DENY
1 < Content-Type: application/json
1 < Transfer-Encoding: chunked
1 < Date: Wed, 08 Jun 2022 14:19:30 GMT
1 < Via: 1.1 vegur
{"jobId":0,"jobTitle":"Senior Engineer","jobDescription":"Team Lead","experience":["Wallmart"],"project":[{"projectName":"SiriusXM","technology":["Selenium WebDriver"]}]}

20:39:40.661 [main] DEBUG com.intuit.karate.Suite - [config] classpath:karate-config.js
20:39:42.165 [main] INFO  com.intuit.karate - karate.env system property was: null 
20:39:42.771 [main] DEBUG com.intuit.karate - request:
1 > POST https://jobportalkarate.herokuapp.com/normal/webapi/add
1 > Content-Type: application/json; charset=UTF-8
1 > Accept: application/json
1 > Content-Length: 180
1 > Host: jobportalkarate.herokuapp.com
1 > Connection: Keep-Alive
1 > User-Agent: Apache-HttpClient/4.5.13 (Java/18.0.1.1)
1 > Accept-Encoding: gzip,deflate
{"experience":["Wallmart"],"jobDescription":"Associate Engineer","jobId":21,"jobTitle":"Senior Engineer","project":[{"projectName":"SiriusXM","technology":["Selenium WebDriver"]}]}

20:39:58.461 [main] DEBUG com.intuit.karate - response time in milliseconds: 15683
1 < 201
1 < Server: Cowboy
1 < Connection: keep-alive
1 < X-Content-Type-Options: nosniff
1 < X-Xss-Protection: 1; mode=block
1 < Cache-Control: no-cache, no-store, max-age=0, must-revalidate
1 < Pragma: no-cache
1 < Expires: 0
1 < Strict-Transport-Security: max-age=31536000 ; includeSubDomains
1 < X-Frame-Options: DENY
1 < Content-Type: application/json
1 < Transfer-Encoding: chunked
1 < Date: Wed, 08 Jun 2022 15:09:58 GMT
1 < Via: 1.1 vegur
{"jobId":21,"jobTitle":"Senior Engineer","jobDescription":"Associate Engineer","experience":["Wallmart"],"project":[{"projectName":"SiriusXM","technology":["Selenium WebDriver"]}]}

20:39:58.582 [main] INFO  com.intuit.karate - karate.env system property was: null 
20:39:58.592 [main] DEBUG com.intuit.karate - request:
1 > POST https://jobportalkarate.herokuapp.com/normal/webapi/add
1 > Content-Type: application/json; charset=UTF-8
1 > Accept: application/json
1 > Content-Length: 174
1 > Host: jobportalkarate.herokuapp.com
1 > Connection: Keep-Alive
1 > User-Agent: Apache-HttpClient/4.5.13 (Java/18.0.1.1)
1 > Accept-Encoding: gzip,deflate
{"experience":["Wallmart"],"jobDescription":"!#$^@$#@^@&","jobId":432,"jobTitle":"Senior Engineer","project":[{"projectName":"SiriusXM","technology":["Selenium WebDriver"]}]}

20:39:59.594 [main] DEBUG com.intuit.karate - response time in milliseconds: 1002
1 < 201
1 < Server: Cowboy
1 < Connection: keep-alive
1 < X-Content-Type-Options: nosniff
1 < X-Xss-Protection: 1; mode=block
1 < Cache-Control: no-cache, no-store, max-age=0, must-revalidate
1 < Pragma: no-cache
1 < Expires: 0
1 < Strict-Transport-Security: max-age=31536000 ; includeSubDomains
1 < X-Frame-Options: DENY
1 < Content-Type: application/json
1 < Transfer-Encoding: chunked
1 < Date: Wed, 08 Jun 2022 15:10:00 GMT
1 < Via: 1.1 vegur
{"jobId":432,"jobTitle":"Senior Engineer","jobDescription":"!#$^@$#@^@&","experience":["Wallmart"],"project":[{"projectName":"SiriusXM","technology":["Selenium WebDriver"]}]}

20:39:59.636 [main] INFO  com.intuit.karate - karate.env system property was: null 
20:39:59.651 [main] DEBUG com.intuit.karate - request:
1 > POST https://jobportalkarate.herokuapp.com/normal/webapi/add
1 > Content-Type: application/json; charset=UTF-8
1 > Accept: application/json
1 > Content-Length: 163
1 > Host: jobportalkarate.herokuapp.com
1 > Connection: Keep-Alive
1 > User-Agent: Apache-HttpClient/4.5.13 (Java/18.0.1.1)
1 > Accept-Encoding: gzip,deflate
{"experience":["Wallmart"],"jobDescription":"","jobId":432,"jobTitle":"Senior Engineer","project":[{"projectName":"SiriusXM","technology":["Selenium WebDriver"]}]}

20:40:00.579 [main] DEBUG com.intuit.karate - response time in milliseconds: 927
1 < 201
1 < Server: Cowboy
1 < Connection: keep-alive
1 < X-Content-Type-Options: nosniff
1 < X-Xss-Protection: 1; mode=block
1 < Cache-Control: no-cache, no-store, max-age=0, must-revalidate
1 < Pragma: no-cache
1 < Expires: 0
1 < Strict-Transport-Security: max-age=31536000 ; includeSubDomains
1 < X-Frame-Options: DENY
1 < Content-Type: application/json
1 < Transfer-Encoding: chunked
1 < Date: Wed, 08 Jun 2022 15:10:00 GMT
1 < Via: 1.1 vegur
{"jobId":432,"jobTitle":"Senior Engineer","jobDescription":"","experience":["Wallmart"],"project":[{"projectName":"SiriusXM","technology":["Selenium WebDriver"]}]}

20:40:00.621 [main] INFO  com.intuit.karate - karate.env system property was: null 
20:40:00.632 [main] DEBUG com.intuit.karate - request:
1 > POST https://jobportalkarate.herokuapp.com/normal/webapi/add
1 > Content-Type: application/json; charset=UTF-8
1 > Accept: application/json
1 > Content-Length: 165
1 > Host: jobportalkarate.herokuapp.com
1 > Connection: Keep-Alive
1 > User-Agent: Apache-HttpClient/4.5.13 (Java/18.0.1.1)
1 > Accept-Encoding: gzip,deflate
{"experience":["Wallmart"],"jobDescription":null,"jobId":432,"jobTitle":"Senior Engineer","project":[{"projectName":"SiriusXM","technology":["Selenium WebDriver"]}]}

20:40:01.638 [main] DEBUG com.intuit.karate - response time in milliseconds: 1004
1 < 201
1 < Server: Cowboy
1 < Connection: keep-alive
1 < X-Content-Type-Options: nosniff
1 < X-Xss-Protection: 1; mode=block
1 < Cache-Control: no-cache, no-store, max-age=0, must-revalidate
1 < Pragma: no-cache
1 < Expires: 0
1 < Strict-Transport-Security: max-age=31536000 ; includeSubDomains
1 < X-Frame-Options: DENY
1 < Content-Type: application/json
1 < Transfer-Encoding: chunked
1 < Date: Wed, 08 Jun 2022 15:10:02 GMT
1 < Via: 1.1 vegur
{"jobId":432,"jobTitle":"Senior Engineer","jobDescription":null,"experience":["Wallmart"],"project":[{"projectName":"SiriusXM","technology":["Selenium WebDriver"]}]}

20:40:01.675 [main] INFO  com.intuit.karate - karate.env system property was: null 
20:40:01.685 [main] DEBUG com.intuit.karate - request:
1 > POST https://jobportalkarate.herokuapp.com/normal/webapi/add
1 > Content-Type: application/json; charset=UTF-8
1 > Accept: application/json
1 > Content-Length: 182
1 > Host: jobportalkarate.herokuapp.com
1 > Connection: Keep-Alive
1 > User-Agent: Apache-HttpClient/4.5.13 (Java/18.0.1.1)
1 > Accept-Encoding: gzip,deflate
{"experience":["Wallmart"],"jobDescription":"Team Lead","jobId":"!#$^@$#@^@&","jobTitle":"Senior Engineer","project":[{"projectName":"SiriusXM","technology":["Selenium WebDriver"]}]}

20:40:02.724 [main] DEBUG com.intuit.karate - response time in milliseconds: 1037
1 < 400
1 < Server: Cowboy
1 < Connection: keep-alive
1 < X-Content-Type-Options: nosniff
1 < X-Xss-Protection: 1; mode=block
1 < Cache-Control: no-cache, no-store, max-age=0, must-revalidate
1 < Pragma: no-cache
1 < Expires: 0
1 < Strict-Transport-Security: max-age=31536000 ; includeSubDomains
1 < X-Frame-Options: DENY
1 < Content-Type: application/json
1 < Transfer-Encoding: chunked
1 < Date: Wed, 08 Jun 2022 15:10:03 GMT
1 < Via: 1.1 vegur
{"timestamp":"2022-06-08T15:10:03.115+0000","status":400,"error":"Bad Request","message":"JSON parse error: Cannot deserialize value of type `int` from String \"!#$^@$#@^@&\": not a valid Integer value; nested exception is com.fasterxml.jackson.databind.exc.InvalidFormatException: Cannot deserialize value of type `int` from String \"!#$^@$#@^@&\": not a valid Integer value\n at [Source: (PushbackInputStream); line: 1, column: 65] (through reference chain: com.lab.jobportal.model.Job[\"jobId\"])","path":"/normal/webapi/add"}

20:40:02.734 [main] ERROR com.intuit.karate - classpath:com/api/automation/postRequest/createJobEntry.feature:33
Then status 201
status code was: 400, expected: 201, response time in milliseconds: 1037, url: https://jobportalkarate.herokuapp.com/normal/webapi/add, response: 
{"timestamp":"2022-06-08T15:10:03.115+0000","status":400,"error":"Bad Request","message":"JSON parse error: Cannot deserialize value of type `int` from String \"!#$^@$#@^@&\": not a valid Integer value; nested exception is com.fasterxml.jackson.databind.exc.InvalidFormatException: Cannot deserialize value of type `int` from String \"!#$^@$#@^@&\": not a valid Integer value\n at [Source: (PushbackInputStream); line: 1, column: 65] (through reference chain: com.lab.jobportal.model.Job[\"jobId\"])","path":"/normal/webapi/add"}
classpath:com/api/automation/postRequest/createJobEntry.feature:33
20:40:02.776 [main] INFO  com.intuit.karate - karate.env system property was: null 
20:40:02.788 [main] DEBUG com.intuit.karate - request:
1 > POST https://jobportalkarate.herokuapp.com/normal/webapi/add
1 > Content-Type: application/json; charset=UTF-8
1 > Accept: application/json
1 > Content-Length: 171
1 > Host: jobportalkarate.herokuapp.com
1 > Connection: Keep-Alive
1 > User-Agent: Apache-HttpClient/4.5.13 (Java/18.0.1.1)
1 > Accept-Encoding: gzip,deflate
{"experience":["Wallmart"],"jobDescription":"Team Lead","jobId":"","jobTitle":"Senior Engineer","project":[{"projectName":"SiriusXM","technology":["Selenium WebDriver"]}]}

20:40:03.738 [main] DEBUG com.intuit.karate - response time in milliseconds: 945
1 < 201
1 < Server: Cowboy
1 < Connection: keep-alive
1 < X-Content-Type-Options: nosniff
1 < X-Xss-Protection: 1; mode=block
1 < Cache-Control: no-cache, no-store, max-age=0, must-revalidate
1 < Pragma: no-cache
1 < Expires: 0
1 < Strict-Transport-Security: max-age=31536000 ; includeSubDomains
1 < X-Frame-Options: DENY
1 < Content-Type: application/json
1 < Transfer-Encoding: chunked
1 < Date: Wed, 08 Jun 2022 15:10:04 GMT
1 < Via: 1.1 vegur
{"jobId":0,"jobTitle":"Senior Engineer","jobDescription":"Team Lead","experience":["Wallmart"],"project":[{"projectName":"SiriusXM","technology":["Selenium WebDriver"]}]}

20:40:03.770 [main] INFO  com.intuit.karate - karate.env system property was: null 
20:40:03.785 [main] DEBUG com.intuit.karate - request:
1 > POST https://jobportalkarate.herokuapp.com/normal/webapi/add
1 > Content-Type: application/json; charset=UTF-8
1 > Accept: application/json
1 > Content-Length: 173
1 > Host: jobportalkarate.herokuapp.com
1 > Connection: Keep-Alive
1 > User-Agent: Apache-HttpClient/4.5.13 (Java/18.0.1.1)
1 > Accept-Encoding: gzip,deflate
{"experience":["Wallmart"],"jobDescription":"Team Lead","jobId":null,"jobTitle":"Senior Engineer","project":[{"projectName":"SiriusXM","technology":["Selenium WebDriver"]}]}

20:40:04.743 [main] DEBUG com.intuit.karate - response time in milliseconds: 955
1 < 201
1 < Server: Cowboy
1 < Connection: keep-alive
1 < X-Content-Type-Options: nosniff
1 < X-Xss-Protection: 1; mode=block
1 < Cache-Control: no-cache, no-store, max-age=0, must-revalidate
1 < Pragma: no-cache
1 < Expires: 0
1 < Strict-Transport-Security: max-age=31536000 ; includeSubDomains
1 < X-Frame-Options: DENY
1 < Content-Type: application/json
1 < Transfer-Encoding: chunked
1 < Date: Wed, 08 Jun 2022 15:10:05 GMT
1 < Via: 1.1 vegur
{"jobId":0,"jobTitle":"Senior Engineer","jobDescription":"Team Lead","experience":["Wallmart"],"project":[{"projectName":"SiriusXM","technology":["Selenium WebDriver"]}]}

20:41:08.058 [main] DEBUG com.intuit.karate.Suite - [config] classpath:karate-config.js
20:41:09.626 [main] INFO  com.intuit.karate - karate.env system property was: null 
20:41:10.235 [main] DEBUG com.intuit.karate - request:
1 > POST https://jobportalkarate.herokuapp.com/normal/webapi/add
1 > Content-Type: application/json; charset=UTF-8
1 > Accept: application/json
1 > Content-Length: 180
1 > Host: jobportalkarate.herokuapp.com
1 > Connection: Keep-Alive
1 > User-Agent: Apache-HttpClient/4.5.13 (Java/18.0.1.1)
1 > Accept-Encoding: gzip,deflate
{"experience":["Wallmart"],"jobDescription":"Associate Engineer","jobId":21,"jobTitle":"Senior Engineer","project":[{"projectName":"SiriusXM","technology":["Selenium WebDriver"]}]}

20:41:11.804 [main] DEBUG com.intuit.karate - response time in milliseconds: 1564
1 < 201
1 < Server: Cowboy
1 < Connection: keep-alive
1 < X-Content-Type-Options: nosniff
1 < X-Xss-Protection: 1; mode=block
1 < Cache-Control: no-cache, no-store, max-age=0, must-revalidate
1 < Pragma: no-cache
1 < Expires: 0
1 < Strict-Transport-Security: max-age=31536000 ; includeSubDomains
1 < X-Frame-Options: DENY
1 < Content-Type: application/json
1 < Transfer-Encoding: chunked
1 < Date: Wed, 08 Jun 2022 15:11:12 GMT
1 < Via: 1.1 vegur
{"jobId":21,"jobTitle":"Senior Engineer","jobDescription":"Associate Engineer","experience":["Wallmart"],"project":[{"projectName":"SiriusXM","technology":["Selenium WebDriver"]}]}

20:41:11.865 [main] INFO  com.intuit.karate - karate.env system property was: null 
20:41:11.874 [main] DEBUG com.intuit.karate - request:
1 > POST https://jobportalkarate.herokuapp.com/normal/webapi/add
1 > Content-Type: application/json; charset=UTF-8
1 > Accept: application/json
1 > Content-Length: 174
1 > Host: jobportalkarate.herokuapp.com
1 > Connection: Keep-Alive
1 > User-Agent: Apache-HttpClient/4.5.13 (Java/18.0.1.1)
1 > Accept-Encoding: gzip,deflate
{"experience":["Wallmart"],"jobDescription":"!#$^@$#@^@&","jobId":432,"jobTitle":"Senior Engineer","project":[{"projectName":"SiriusXM","technology":["Selenium WebDriver"]}]}

20:41:12.898 [main] DEBUG com.intuit.karate - response time in milliseconds: 1024
1 < 201
1 < Server: Cowboy
1 < Connection: keep-alive
1 < X-Content-Type-Options: nosniff
1 < X-Xss-Protection: 1; mode=block
1 < Cache-Control: no-cache, no-store, max-age=0, must-revalidate
1 < Pragma: no-cache
1 < Expires: 0
1 < Strict-Transport-Security: max-age=31536000 ; includeSubDomains
1 < X-Frame-Options: DENY
1 < Content-Type: application/json
1 < Transfer-Encoding: chunked
1 < Date: Wed, 08 Jun 2022 15:11:13 GMT
1 < Via: 1.1 vegur
{"jobId":432,"jobTitle":"Senior Engineer","jobDescription":"!#$^@$#@^@&","experience":["Wallmart"],"project":[{"projectName":"SiriusXM","technology":["Selenium WebDriver"]}]}

20:41:12.942 [main] INFO  com.intuit.karate - karate.env system property was: null 
20:41:12.966 [main] DEBUG com.intuit.karate - request:
1 > POST https://jobportalkarate.herokuapp.com/normal/webapi/add
1 > Content-Type: application/json; charset=UTF-8
1 > Accept: application/json
1 > Content-Length: 163
1 > Host: jobportalkarate.herokuapp.com
1 > Connection: Keep-Alive
1 > User-Agent: Apache-HttpClient/4.5.13 (Java/18.0.1.1)
1 > Accept-Encoding: gzip,deflate
{"experience":["Wallmart"],"jobDescription":"","jobId":432,"jobTitle":"Senior Engineer","project":[{"projectName":"SiriusXM","technology":["Selenium WebDriver"]}]}

20:41:13.931 [main] DEBUG com.intuit.karate - response time in milliseconds: 964
1 < 201
1 < Server: Cowboy
1 < Connection: keep-alive
1 < X-Content-Type-Options: nosniff
1 < X-Xss-Protection: 1; mode=block
1 < Cache-Control: no-cache, no-store, max-age=0, must-revalidate
1 < Pragma: no-cache
1 < Expires: 0
1 < Strict-Transport-Security: max-age=31536000 ; includeSubDomains
1 < X-Frame-Options: DENY
1 < Content-Type: application/json
1 < Transfer-Encoding: chunked
1 < Date: Wed, 08 Jun 2022 15:11:14 GMT
1 < Via: 1.1 vegur
{"jobId":432,"jobTitle":"Senior Engineer","jobDescription":"","experience":["Wallmart"],"project":[{"projectName":"SiriusXM","technology":["Selenium WebDriver"]}]}

20:41:14.002 [main] INFO  com.intuit.karate - karate.env system property was: null 
20:41:14.014 [main] DEBUG com.intuit.karate - request:
1 > POST https://jobportalkarate.herokuapp.com/normal/webapi/add
1 > Content-Type: application/json; charset=UTF-8
1 > Accept: application/json
1 > Content-Length: 165
1 > Host: jobportalkarate.herokuapp.com
1 > Connection: Keep-Alive
1 > User-Agent: Apache-HttpClient/4.5.13 (Java/18.0.1.1)
1 > Accept-Encoding: gzip,deflate
{"experience":["Wallmart"],"jobDescription":null,"jobId":432,"jobTitle":"Senior Engineer","project":[{"projectName":"SiriusXM","technology":["Selenium WebDriver"]}]}

20:41:15.005 [main] DEBUG com.intuit.karate - response time in milliseconds: 989
1 < 201
1 < Server: Cowboy
1 < Connection: keep-alive
1 < X-Content-Type-Options: nosniff
1 < X-Xss-Protection: 1; mode=block
1 < Cache-Control: no-cache, no-store, max-age=0, must-revalidate
1 < Pragma: no-cache
1 < Expires: 0
1 < Strict-Transport-Security: max-age=31536000 ; includeSubDomains
1 < X-Frame-Options: DENY
1 < Content-Type: application/json
1 < Transfer-Encoding: chunked
1 < Date: Wed, 08 Jun 2022 15:11:15 GMT
1 < Via: 1.1 vegur
{"jobId":432,"jobTitle":"Senior Engineer","jobDescription":null,"experience":["Wallmart"],"project":[{"projectName":"SiriusXM","technology":["Selenium WebDriver"]}]}

20:41:15.043 [main] INFO  com.intuit.karate - karate.env system property was: null 
20:41:15.054 [main] DEBUG com.intuit.karate - request:
1 > POST https://jobportalkarate.herokuapp.com/normal/webapi/add
1 > Content-Type: application/json; charset=UTF-8
1 > Accept: application/json
1 > Content-Length: 182
1 > Host: jobportalkarate.herokuapp.com
1 > Connection: Keep-Alive
1 > User-Agent: Apache-HttpClient/4.5.13 (Java/18.0.1.1)
1 > Accept-Encoding: gzip,deflate
{"experience":["Wallmart"],"jobDescription":"Team Lead","jobId":"!#$^@$#@^@&","jobTitle":"Senior Engineer","project":[{"projectName":"SiriusXM","technology":["Selenium WebDriver"]}]}

20:41:16.002 [main] DEBUG com.intuit.karate - response time in milliseconds: 946
1 < 400
1 < Server: Cowboy
1 < Connection: keep-alive
1 < X-Content-Type-Options: nosniff
1 < X-Xss-Protection: 1; mode=block
1 < Cache-Control: no-cache, no-store, max-age=0, must-revalidate
1 < Pragma: no-cache
1 < Expires: 0
1 < Strict-Transport-Security: max-age=31536000 ; includeSubDomains
1 < X-Frame-Options: DENY
1 < Content-Type: application/json
1 < Transfer-Encoding: chunked
1 < Date: Wed, 08 Jun 2022 15:11:16 GMT
1 < Via: 1.1 vegur
{"timestamp":"2022-06-08T15:11:16.409+0000","status":400,"error":"Bad Request","message":"JSON parse error: Cannot deserialize value of type `int` from String \"!#$^@$#@^@&\": not a valid Integer value; nested exception is com.fasterxml.jackson.databind.exc.InvalidFormatException: Cannot deserialize value of type `int` from String \"!#$^@$#@^@&\": not a valid Integer value\n at [Source: (PushbackInputStream); line: 1, column: 65] (through reference chain: com.lab.jobportal.model.Job[\"jobId\"])","path":"/normal/webapi/add"}

20:41:16.043 [main] INFO  com.intuit.karate - karate.env system property was: null 
20:41:16.057 [main] DEBUG com.intuit.karate - request:
1 > POST https://jobportalkarate.herokuapp.com/normal/webapi/add
1 > Content-Type: application/json; charset=UTF-8
1 > Accept: application/json
1 > Content-Length: 171
1 > Host: jobportalkarate.herokuapp.com
1 > Connection: Keep-Alive
1 > User-Agent: Apache-HttpClient/4.5.13 (Java/18.0.1.1)
1 > Accept-Encoding: gzip,deflate
{"experience":["Wallmart"],"jobDescription":"Team Lead","jobId":"","jobTitle":"Senior Engineer","project":[{"projectName":"SiriusXM","technology":["Selenium WebDriver"]}]}

20:41:17.043 [main] DEBUG com.intuit.karate - response time in milliseconds: 985
1 < 201
1 < Server: Cowboy
1 < Connection: keep-alive
1 < X-Content-Type-Options: nosniff
1 < X-Xss-Protection: 1; mode=block
1 < Cache-Control: no-cache, no-store, max-age=0, must-revalidate
1 < Pragma: no-cache
1 < Expires: 0
1 < Strict-Transport-Security: max-age=31536000 ; includeSubDomains
1 < X-Frame-Options: DENY
1 < Content-Type: application/json
1 < Transfer-Encoding: chunked
1 < Date: Wed, 08 Jun 2022 15:11:17 GMT
1 < Via: 1.1 vegur
{"jobId":0,"jobTitle":"Senior Engineer","jobDescription":"Team Lead","experience":["Wallmart"],"project":[{"projectName":"SiriusXM","technology":["Selenium WebDriver"]}]}

20:41:17.070 [main] INFO  com.intuit.karate - karate.env system property was: null 
20:41:17.083 [main] DEBUG com.intuit.karate - request:
1 > POST https://jobportalkarate.herokuapp.com/normal/webapi/add
1 > Content-Type: application/json; charset=UTF-8
1 > Accept: application/json
1 > Content-Length: 173
1 > Host: jobportalkarate.herokuapp.com
1 > Connection: Keep-Alive
1 > User-Agent: Apache-HttpClient/4.5.13 (Java/18.0.1.1)
1 > Accept-Encoding: gzip,deflate
{"experience":["Wallmart"],"jobDescription":"Team Lead","jobId":null,"jobTitle":"Senior Engineer","project":[{"projectName":"SiriusXM","technology":["Selenium WebDriver"]}]}

20:41:18.069 [main] DEBUG com.intuit.karate - response time in milliseconds: 983
1 < 201
1 < Server: Cowboy
1 < Connection: keep-alive
1 < X-Content-Type-Options: nosniff
1 < X-Xss-Protection: 1; mode=block
1 < Cache-Control: no-cache, no-store, max-age=0, must-revalidate
1 < Pragma: no-cache
1 < Expires: 0
1 < Strict-Transport-Security: max-age=31536000 ; includeSubDomains
1 < X-Frame-Options: DENY
1 < Content-Type: application/json
1 < Transfer-Encoding: chunked
1 < Date: Wed, 08 Jun 2022 15:11:18 GMT
1 < Via: 1.1 vegur
{"jobId":0,"jobTitle":"Senior Engineer","jobDescription":"Team Lead","experience":["Wallmart"],"project":[{"projectName":"SiriusXM","technology":["Selenium WebDriver"]}]}

20:45:59.237 [main] DEBUG com.intuit.karate.Suite - [config] classpath:karate-config.js
20:46:00.767 [main] INFO  com.intuit.karate - karate.env system property was: null 
20:46:01.404 [main] DEBUG com.intuit.karate - request:
1 > POST https://jobportalkarate.herokuapp.com/normal/webapi/add
1 > Content-Type: application/json; charset=UTF-8
1 > Accept: application/json
1 > Content-Length: 180
1 > Host: jobportalkarate.herokuapp.com
1 > Connection: Keep-Alive
1 > User-Agent: Apache-HttpClient/4.5.13 (Java/18.0.1.1)
1 > Accept-Encoding: gzip,deflate
{"experience":["Wallmart"],"jobDescription":"Associate Engineer","jobId":21,"jobTitle":"Senior Engineer","project":[{"projectName":"SiriusXM","technology":["Selenium WebDriver"]}]}

20:46:02.806 [main] DEBUG com.intuit.karate - response time in milliseconds: 1397
1 < 201
1 < Server: Cowboy
1 < Connection: keep-alive
1 < X-Content-Type-Options: nosniff
1 < X-Xss-Protection: 1; mode=block
1 < Cache-Control: no-cache, no-store, max-age=0, must-revalidate
1 < Pragma: no-cache
1 < Expires: 0
1 < Strict-Transport-Security: max-age=31536000 ; includeSubDomains
1 < X-Frame-Options: DENY
1 < Content-Type: application/json
1 < Transfer-Encoding: chunked
1 < Date: Wed, 08 Jun 2022 15:16:03 GMT
1 < Via: 1.1 vegur
{"jobId":21,"jobTitle":"Senior Engineer","jobDescription":"Associate Engineer","experience":["Wallmart"],"project":[{"projectName":"SiriusXM","technology":["Selenium WebDriver"]}]}

20:46:02.887 [main] INFO  com.intuit.karate - karate.env system property was: null 
20:46:02.900 [main] DEBUG com.intuit.karate - request:
1 > POST https://jobportalkarate.herokuapp.com/normal/webapi/add
1 > Content-Type: application/json; charset=UTF-8
1 > Accept: application/json
1 > Content-Length: 174
1 > Host: jobportalkarate.herokuapp.com
1 > Connection: Keep-Alive
1 > User-Agent: Apache-HttpClient/4.5.13 (Java/18.0.1.1)
1 > Accept-Encoding: gzip,deflate
{"experience":["Wallmart"],"jobDescription":"!#$^@$#@^@&","jobId":432,"jobTitle":"Senior Engineer","project":[{"projectName":"SiriusXM","technology":["Selenium WebDriver"]}]}

20:46:03.880 [main] DEBUG com.intuit.karate - response time in milliseconds: 980
1 < 201
1 < Server: Cowboy
1 < Connection: keep-alive
1 < X-Content-Type-Options: nosniff
1 < X-Xss-Protection: 1; mode=block
1 < Cache-Control: no-cache, no-store, max-age=0, must-revalidate
1 < Pragma: no-cache
1 < Expires: 0
1 < Strict-Transport-Security: max-age=31536000 ; includeSubDomains
1 < X-Frame-Options: DENY
1 < Content-Type: application/json
1 < Transfer-Encoding: chunked
1 < Date: Wed, 08 Jun 2022 15:16:04 GMT
1 < Via: 1.1 vegur
{"jobId":432,"jobTitle":"Senior Engineer","jobDescription":"!#$^@$#@^@&","experience":["Wallmart"],"project":[{"projectName":"SiriusXM","technology":["Selenium WebDriver"]}]}

20:46:03.931 [main] INFO  com.intuit.karate - karate.env system property was: null 
20:46:03.944 [main] DEBUG com.intuit.karate - request:
1 > POST https://jobportalkarate.herokuapp.com/normal/webapi/add
1 > Content-Type: application/json; charset=UTF-8
1 > Accept: application/json
1 > Content-Length: 163
1 > Host: jobportalkarate.herokuapp.com
1 > Connection: Keep-Alive
1 > User-Agent: Apache-HttpClient/4.5.13 (Java/18.0.1.1)
1 > Accept-Encoding: gzip,deflate
{"experience":["Wallmart"],"jobDescription":"","jobId":432,"jobTitle":"Senior Engineer","project":[{"projectName":"SiriusXM","technology":["Selenium WebDriver"]}]}

20:46:04.882 [main] DEBUG com.intuit.karate - response time in milliseconds: 936
1 < 201
1 < Server: Cowboy
1 < Connection: keep-alive
1 < X-Content-Type-Options: nosniff
1 < X-Xss-Protection: 1; mode=block
1 < Cache-Control: no-cache, no-store, max-age=0, must-revalidate
1 < Pragma: no-cache
1 < Expires: 0
1 < Strict-Transport-Security: max-age=31536000 ; includeSubDomains
1 < X-Frame-Options: DENY
1 < Content-Type: application/json
1 < Transfer-Encoding: chunked
1 < Date: Wed, 08 Jun 2022 15:16:04 GMT
1 < Via: 1.1 vegur
{"jobId":432,"jobTitle":"Senior Engineer","jobDescription":"","experience":["Wallmart"],"project":[{"projectName":"SiriusXM","technology":["Selenium WebDriver"]}]}

20:46:04.922 [main] INFO  com.intuit.karate - karate.env system property was: null 
20:46:04.933 [main] DEBUG com.intuit.karate - request:
1 > POST https://jobportalkarate.herokuapp.com/normal/webapi/add
1 > Content-Type: application/json; charset=UTF-8
1 > Accept: application/json
1 > Content-Length: 165
1 > Host: jobportalkarate.herokuapp.com
1 > Connection: Keep-Alive
1 > User-Agent: Apache-HttpClient/4.5.13 (Java/18.0.1.1)
1 > Accept-Encoding: gzip,deflate
{"experience":["Wallmart"],"jobDescription":null,"jobId":432,"jobTitle":"Senior Engineer","project":[{"projectName":"SiriusXM","technology":["Selenium WebDriver"]}]}

20:46:05.908 [main] DEBUG com.intuit.karate - response time in milliseconds: 971
1 < 201
1 < Server: Cowboy
1 < Connection: keep-alive
1 < X-Content-Type-Options: nosniff
1 < X-Xss-Protection: 1; mode=block
1 < Cache-Control: no-cache, no-store, max-age=0, must-revalidate
1 < Pragma: no-cache
1 < Expires: 0
1 < Strict-Transport-Security: max-age=31536000 ; includeSubDomains
1 < X-Frame-Options: DENY
1 < Content-Type: application/json
1 < Transfer-Encoding: chunked
1 < Date: Wed, 08 Jun 2022 15:16:06 GMT
1 < Via: 1.1 vegur
{"jobId":432,"jobTitle":"Senior Engineer","jobDescription":null,"experience":["Wallmart"],"project":[{"projectName":"SiriusXM","technology":["Selenium WebDriver"]}]}

20:46:05.939 [main] INFO  com.intuit.karate - karate.env system property was: null 
20:46:05.952 [main] DEBUG com.intuit.karate - request:
1 > POST https://jobportalkarate.herokuapp.com/normal/webapi/add
1 > Content-Type: application/json; charset=UTF-8
1 > Accept: application/json
1 > Content-Length: 182
1 > Host: jobportalkarate.herokuapp.com
1 > Connection: Keep-Alive
1 > User-Agent: Apache-HttpClient/4.5.13 (Java/18.0.1.1)
1 > Accept-Encoding: gzip,deflate
{"experience":["Wallmart"],"jobDescription":"Team Lead","jobId":"!#$^@$#@^@&","jobTitle":"Senior Engineer","project":[{"projectName":"SiriusXM","technology":["Selenium WebDriver"]}]}

20:46:06.882 [main] DEBUG com.intuit.karate - response time in milliseconds: 929
1 < 400
1 < Server: Cowboy
1 < Connection: keep-alive
1 < X-Content-Type-Options: nosniff
1 < X-Xss-Protection: 1; mode=block
1 < Cache-Control: no-cache, no-store, max-age=0, must-revalidate
1 < Pragma: no-cache
1 < Expires: 0
1 < Strict-Transport-Security: max-age=31536000 ; includeSubDomains
1 < X-Frame-Options: DENY
1 < Content-Type: application/json
1 < Transfer-Encoding: chunked
1 < Date: Wed, 08 Jun 2022 15:16:06 GMT
1 < Via: 1.1 vegur
{"timestamp":"2022-06-08T15:16:07.299+0000","status":400,"error":"Bad Request","message":"JSON parse error: Cannot deserialize value of type `int` from String \"!#$^@$#@^@&\": not a valid Integer value; nested exception is com.fasterxml.jackson.databind.exc.InvalidFormatException: Cannot deserialize value of type `int` from String \"!#$^@$#@^@&\": not a valid Integer value\n at [Source: (PushbackInputStream); line: 1, column: 65] (through reference chain: com.lab.jobportal.model.Job[\"jobId\"])","path":"/normal/webapi/add"}

20:46:06.928 [main] INFO  com.intuit.karate - karate.env system property was: null 
20:46:06.937 [main] DEBUG com.intuit.karate - request:
1 > POST https://jobportalkarate.herokuapp.com/normal/webapi/add
1 > Content-Type: application/json; charset=UTF-8
1 > Accept: application/json
1 > Content-Length: 171
1 > Host: jobportalkarate.herokuapp.com
1 > Connection: Keep-Alive
1 > User-Agent: Apache-HttpClient/4.5.13 (Java/18.0.1.1)
1 > Accept-Encoding: gzip,deflate
{"experience":["Wallmart"],"jobDescription":"Team Lead","jobId":"","jobTitle":"Senior Engineer","project":[{"projectName":"SiriusXM","technology":["Selenium WebDriver"]}]}

20:46:07.901 [main] DEBUG com.intuit.karate - response time in milliseconds: 962
1 < 201
1 < Server: Cowboy
1 < Connection: keep-alive
1 < X-Content-Type-Options: nosniff
1 < X-Xss-Protection: 1; mode=block
1 < Cache-Control: no-cache, no-store, max-age=0, must-revalidate
1 < Pragma: no-cache
1 < Expires: 0
1 < Strict-Transport-Security: max-age=31536000 ; includeSubDomains
1 < X-Frame-Options: DENY
1 < Content-Type: application/json
1 < Transfer-Encoding: chunked
1 < Date: Wed, 08 Jun 2022 15:16:08 GMT
1 < Via: 1.1 vegur
{"jobId":0,"jobTitle":"Senior Engineer","jobDescription":"Team Lead","experience":["Wallmart"],"project":[{"projectName":"SiriusXM","technology":["Selenium WebDriver"]}]}

20:46:07.936 [main] INFO  com.intuit.karate - karate.env system property was: null 
20:46:07.950 [main] DEBUG com.intuit.karate - request:
1 > POST https://jobportalkarate.herokuapp.com/normal/webapi/add
1 > Content-Type: application/json; charset=UTF-8
1 > Accept: application/json
1 > Content-Length: 173
1 > Host: jobportalkarate.herokuapp.com
1 > Connection: Keep-Alive
1 > User-Agent: Apache-HttpClient/4.5.13 (Java/18.0.1.1)
1 > Accept-Encoding: gzip,deflate
{"experience":["Wallmart"],"jobDescription":"Team Lead","jobId":null,"jobTitle":"Senior Engineer","project":[{"projectName":"SiriusXM","technology":["Selenium WebDriver"]}]}

20:46:08.876 [main] DEBUG com.intuit.karate - response time in milliseconds: 925
1 < 201
1 < Server: Cowboy
1 < Connection: keep-alive
1 < X-Content-Type-Options: nosniff
1 < X-Xss-Protection: 1; mode=block
1 < Cache-Control: no-cache, no-store, max-age=0, must-revalidate
1 < Pragma: no-cache
1 < Expires: 0
1 < Strict-Transport-Security: max-age=31536000 ; includeSubDomains
1 < X-Frame-Options: DENY
1 < Content-Type: application/json
1 < Transfer-Encoding: chunked
1 < Date: Wed, 08 Jun 2022 15:16:08 GMT
1 < Via: 1.1 vegur
{"jobId":0,"jobTitle":"Senior Engineer","jobDescription":"Team Lead","experience":["Wallmart"],"project":[{"projectName":"SiriusXM","technology":["Selenium WebDriver"]}]}

